2025-12-10 23:19:00,808 - ERROR - ⚠️ ERROR: {
  "시간": "2025-12-10 23:19:00",
  "종류": "ERROR",
  "에러타입": "AttributeError",
  "에러메시지": "'str' object has no attribute 'get'",
  "컨텍스트": {
    "cycle": 1,
    "time": "2025-12-10T23:19:00.625614"
  }
}
2025-12-10 23:20:29,245 - ERROR - ⚠️ ERROR: {
  "시간": "2025-12-10 23:20:29",
  "종류": "ERROR",
  "에러타입": "UnboundLocalError",
  "에러메시지": "local variable 'total_balance' referenced before assignment",
  "컨텍스트": {
    "cycle": 1,
    "time": "2025-12-10T23:20:29.075188"
  }
}
2025-12-10 23:25:29,440 - ERROR - ⚠️ ERROR: {
  "시간": "2025-12-10 23:25:29",
  "종류": "ERROR",
  "에러타입": "UnboundLocalError",
  "에러메시지": "local variable 'total_balance' referenced before assignment",
  "컨텍스트": {
    "cycle": 2,
    "time": "2025-12-10T23:25:29.239526"
  }
}
2025-12-10 23:38:20,713 - ERROR - ⚠️ ERROR: {
  "시간": "2025-12-10 23:38:20",
  "종류": "ERROR",
  "에러타입": "UnboundLocalError",
  "에러메시지": "local variable 'total_balance' referenced before assignment",
  "컨텍스트": {
    "cycle": 1,
    "time": "2025-12-10T23:38:20.513324"
  }
}
2025-12-10 23:40:12,341 - ERROR - ⚠️ ERROR: {
  "시간": "2025-12-10 23:40:12",
  "종류": "ERROR",
  "에러타입": "UnboundLocalError",
  "에러메시지": "local variable 'total_balance' referenced before assignment",
  "컨텍스트": {
    "cycle": 1,
    "time": "2025-12-10T23:40:12.086502"
  }
}
